<?xml version="1.0" encoding="UTF-8"?>
<coverage generated="1595381106432" clover="3.2.0">
  <project timestamp="1595381106432" name="All files">
    <metrics statements="17" coveredstatements="2" conditionals="2" coveredconditionals="2" methods="9" coveredmethods="1" elements="28" coveredelements="5" complexity="0" loc="17" ncloc="17" packages="2" files="5" classes="5"/>
    <package name="components.Main">
      <metrics statements="4" coveredstatements="2" conditionals="2" coveredconditionals="2" methods="2" coveredmethods="1"/>
      <file name="index.tsx" path="/home/ubuntu-sergio/Documents/cursos/react-ecommerce-course/client/src/components/Main/index.tsx">
        <metrics statements="2" coveredstatements="2" conditionals="2" coveredconditionals="2" methods="1" coveredmethods="1"/>
        <line num="4" count="1" type="stmt"/>
        <line num="8" count="2" type="stmt"/>
      </file>
      <file name="stories.tsx" path="/home/ubuntu-sergio/Documents/cursos/react-ecommerce-course/client/src/components/Main/stories.tsx">
        <metrics statements="2" coveredstatements="0" conditionals="0" coveredconditionals="0" methods="1" coveredmethods="0"/>
        <line num="11" count="0" type="stmt"/>
        <line num="12" count="0" type="stmt"/>
      </file>
    </package>
    <package name="pages">
      <metrics statements="13" coveredstatements="0" conditionals="0" coveredconditionals="0" methods="7" coveredmethods="0"/>
      <file name="_app.tsx" path="/home/ubuntu-sergio/Documents/cursos/react-ecommerce-course/client/src/pages/_app.tsx">
        <metrics statements="1" coveredstatements="0" conditionals="0" coveredconditionals="0" methods="1" coveredmethods="0"/>
        <line num="9" count="0" type="stmt"/>
      </file>
      <file name="_document.tsx" path="/home/ubuntu-sergio/Documents/cursos/react-ecommerce-course/client/src/pages/_document.tsx">
        <metrics statements="11" coveredstatements="0" conditionals="0" coveredconditionals="0" methods="5" coveredmethods="0"/>
        <line num="12" count="0" type="stmt"/>
        <line num="13" count="0" type="stmt"/>
        <line num="15" count="0" type="stmt"/>
        <line num="16" count="0" type="stmt"/>
        <line num="17" count="0" type="stmt"/>
        <line num="18" count="0" type="stmt"/>
        <line num="19" count="0" type="stmt"/>
        <line num="22" count="0" type="stmt"/>
        <line num="23" count="0" type="stmt"/>
        <line num="33" count="0" type="stmt"/>
        <line num="38" count="0" type="stmt"/>
      </file>
      <file name="index.tsx" path="/home/ubuntu-sergio/Documents/cursos/react-ecommerce-course/client/src/pages/index.tsx">
        <metrics statements="1" coveredstatements="0" conditionals="0" coveredconditionals="0" methods="1" coveredmethods="0"/>
        <line num="4" count="0" type="stmt"/>
      </file>
    </package>
  </project>
</coverage>
